# JRE version: OpenJDK Runtime Environment (11.0.17+8) (build 11.0.17+8-post-Ubuntu-1ubuntu220.04)
# Java VM: OpenJDK 64-Bit Server VM (11.0.17+8-post-Ubuntu-1ubuntu220.04, mixed mode, sharing, tiered, compressed oops, g1 gc, linux-amd64)
Heap:
 garbage-first heap   total 65536K, used 6574K [0x00000000c3200000, 0x0000000100000000)
  region size 1024K, 2 young (2048K), 1 survivors (1024K)
 Metaspace       used 4204K, capacity 6703K, committed 6912K, reserved 1056768K
  class space    used 471K, capacity 748K, committed 768K, reserved 1048576K
GC Heap History (6 events):
Event: 0.330 GC heap before
{Heap before GC invocations=0 (full 0):
 garbage-first heap   total 65536K, used 6860K [0x00000000c3200000, 0x0000000100000000)
  region size 1024K, 7 young (7168K), 0 survivors (0K)
 Metaspace       used 1233K, capacity 4702K, committed 4864K, reserved 1056768K
  class space    used 117K, capacity 439K, committed 512K, reserved 1048576K
}
Event: 0.336 GC heap after
{Heap after GC invocations=1 (full 0):
 garbage-first heap   total 65536K, used 5990K [0x00000000c3200000, 0x0000000100000000)
  region size 1024K, 1 young (1024K), 1 survivors (1024K)
 Metaspace       used 1233K, capacity 4702K, committed 4864K, reserved 1056768K
  class space    used 117K, capacity 439K, committed 512K, reserved 1048576K
}
Event: 0.535 GC heap before
{Heap before GC invocations=1 (full 0):
 garbage-first heap   total 65536K, used 9062K [0x00000000c3200000, 0x0000000100000000)
  region size 1024K, 4 young (4096K), 1 survivors (1024K)
 Metaspace       used 2578K, capacity 5777K, committed 6016K, reserved 1056768K
  class space    used 291K, capacity 606K, committed 640K, reserved 1048576K
}
Event: 0.539 GC heap after
{Heap after GC invocations=2 (full 0):
 garbage-first heap   total 65536K, used 6251K [0x00000000c3200000, 0x0000000100000000)
  region size 1024K, 1 young (1024K), 1 survivors (1024K)
 Metaspace       used 2578K, capacity 5777K, committed 6016K, reserved 1056768K
  class space    used 291K, capacity 606K, committed 640K, reserved 1048576K
}
Event: 0.968 GC heap before
{Heap before GC invocations=2 (full 0):
 garbage-first heap   total 65536K, used 17515K [0x00000000c3200000, 0x0000000100000000)
  region size 1024K, 12 young (12288K), 1 survivors (1024K)
 Metaspace       used 4170K, capacity 6675K, committed 6912K, reserved 1056768K
  class space    used 466K, capacity 738K, committed 768K, reserved 1048576K
}
Event: 0.971 GC heap after
{Heap after GC invocations=3 (full 0):
 garbage-first heap   total 65536K, used 6574K [0x00000000c3200000, 0x0000000100000000)
  region size 1024K, 1 young (1024K), 1 survivors (1024K)
 Metaspace       used 4170K, capacity 6675K, committed 6912K, reserved 1056768K
  class space    used 466K, capacity 738K, committed 768K, reserved 1048576K
}

